<?xml version="1.0" encoding="UTF-8"?>
<!-- Generated by org.testng.reporters.JUnitReportReporter -->
<testsuite skipped="0" hostname="192.168.1.20" name="tests.NegativeRegistration" tests="5" failures="0" timestamp="2020-05-12T14:47:34 WIB" time="80.110" errors="0">
  <testcase name="firstNameMaxLengthChar" time="18.115" classname="tests.NegativeRegistration"/>
  <system-out/>
  <testcase name="lastNameMaxLengthChar" time="19.582" classname="tests.NegativeRegistration"/>
  <system-out/>
  <testcase name="invalidEmailFormat" time="18.753" classname="tests.NegativeRegistration"/>
  <system-out/>
  <testcase name="passwordLess6Characters" time="12.311" classname="tests.NegativeRegistration"/>
  <system-out/>
  <testcase name="passwordMore20Characters" time="11.349" classname="tests.NegativeRegistration"/>
  <system-out/>
</testsuite> <!-- tests.NegativeRegistration -->
