<?xml version="1.0" encoding="UTF-8"?>
<!-- Generated by org.testng.reporters.JUnitReportReporter -->
<testsuite skipped="0" hostname="192.168.1.20" name="tests.NegativeLogin" tests="5" failures="0" timestamp="2020-05-12T14:47:34 WIB" time="90.137" errors="0">
  <testcase name="invalidUsername" time="17.827" classname="tests.NegativeLogin"/>
  <system-out/>
  <testcase name="invalidPassword" time="19.944" classname="tests.NegativeLogin"/>
  <system-out/>
  <testcase name="blankUsername" time="20.659" classname="tests.NegativeLogin"/>
  <system-out/>
  <testcase name="blankPassword" time="18.749" classname="tests.NegativeLogin"/>
  <system-out/>
  <testcase name="blankUsernameAndPassword" time="12.958" classname="tests.NegativeLogin"/>
  <system-out/>
</testsuite> <!-- tests.NegativeLogin -->
