<?xml version="1.0" encoding="UTF-8"?>
<!-- Generated by org.testng.reporters.JUnitReportReporter -->
<testsuite skipped="0" hostname="air-jihan" name="tests.CancelChangePassword" tests="1" failures="0" timestamp="2020-06-01T18:38:28 WIB" time="16.148" errors="0">
  <testcase name="cancelChangePassword" time="16.148" classname="tests.CancelChangePassword"/>
  <system-out/>
</testsuite> <!-- tests.CancelChangePassword -->
