<?xml version="1.0" encoding="UTF-8"?>
<!-- Generated by org.testng.reporters.JUnitReportReporter -->
<testsuite skipped="0" hostname="air-jihan" name="tests.Logout" tests="1" failures="0" timestamp="2020-05-08T14:12:47 WIB" time="23.709" errors="0">
  <testcase name="testLogout" time="23.709" classname="tests.Logout"/>
  <system-out/>
</testsuite> <!-- tests.Logout -->
