<?xml version="1.0" encoding="UTF-8"?>
<!-- Generated by org.testng.reporters.JUnitReportReporter -->
<testsuite skipped="0" hostname="air-jihan" name="tests.NegativeLogin" tests="5" failures="0" timestamp="2020-05-08T14:12:47 WIB" time="85.248" errors="0">
  <testcase name="invalidUsername" time="18.167" classname="tests.NegativeLogin"/>
  <system-out/>
  <testcase name="invalidPassword" time="18.809" classname="tests.NegativeLogin"/>
  <system-out/>
  <testcase name="blankUsername" time="17.825" classname="tests.NegativeLogin"/>
  <system-out/>
  <testcase name="blankPassword" time="18.409" classname="tests.NegativeLogin"/>
  <system-out/>
  <testcase name="blankUsernameAndPassword" time="12.038" classname="tests.NegativeLogin"/>
  <system-out/>
</testsuite> <!-- tests.NegativeLogin -->
