<?xml version="1.0" encoding="UTF-8"?>
<!-- Generated by org.testng.reporters.JUnitReportReporter -->
<testsuite skipped="0" hostname="192.168.1.20" name="tests.PositiveLogin" tests="1" failures="0" timestamp="2020-05-12T14:47:34 WIB" time="19.862" errors="0">
  <testcase name="testLogin" time="19.862" classname="tests.PositiveLogin"/>
  <system-out/>
</testsuite> <!-- tests.PositiveLogin -->
