<?xml version="1.0" encoding="UTF-8"?>
<!-- Generated by org.testng.reporters.JUnitReportReporter -->
<testsuite skipped="0" hostname="air-jihan" name="tests.LoginLogout" tests="7" failures="0" timestamp="2020-06-01T18:36:13 WIB" time="79.933" errors="0">
  <testcase name="Login" time="13.967" classname="tests.LoginLogout"/>
  <system-out/>
  <testcase name="Logout" time="4.080" classname="tests.LoginLogout"/>
  <system-out/>
  <testcase name="LoginInvalidUsername" time="10.913" classname="tests.LoginLogout"/>
  <system-out/>
  <testcase name="LoginInvalidPassword" time="15.240" classname="tests.LoginLogout"/>
  <system-out/>
  <testcase name="LoginBlankUsername" time="14.570" classname="tests.LoginLogout"/>
  <system-out/>
  <testcase name="LoginBlankPassword" time="12.725" classname="tests.LoginLogout"/>
  <system-out/>
  <testcase name="LoginBlankUsernameAndPassword" time="8.438" classname="tests.LoginLogout"/>
  <system-out/>
</testsuite> <!-- tests.LoginLogout -->
