<?xml version="1.0" encoding="UTF-8"?>
<!-- Generated by org.testng.reporters.JUnitReportReporter -->
<testsuite skipped="0" hostname="air-jihan" name="tests.LoginLogout" tests="2" failures="0" timestamp="2020-05-05T11:26:07 WIB" time="31.821" errors="0">
  <testcase name="testLogin" time="25.700" classname="tests.LoginLogout"/>
  <system-out/>
  <testcase name="testLogout" time="6.121" classname="tests.LoginLogout"/>
  <system-out/>
</testsuite> <!-- tests.LoginLogout -->
