<?xml version="1.0" encoding="UTF-8"?>
<!-- Generated by org.testng.reporters.JUnitReportReporter -->
<testsuite skipped="0" hostname="air-jihan" name="tests.NegativeRegistration" tests="5" failures="0" timestamp="2020-05-08T14:12:47 WIB" time="82.041" errors="0">
  <testcase name="firstNameMaxLengthChar" time="19.255" classname="tests.NegativeRegistration"/>
  <system-out/>
  <testcase name="lastNameMaxLengthChar" time="19.395" classname="tests.NegativeRegistration"/>
  <system-out/>
  <testcase name="invalidEmailFormat" time="19.190" classname="tests.NegativeRegistration"/>
  <system-out/>
  <testcase name="passwordLess6Characters" time="12.810" classname="tests.NegativeRegistration"/>
  <system-out/>
  <testcase name="passwordMore20Characters" time="11.391" classname="tests.NegativeRegistration"/>
  <system-out/>
</testsuite> <!-- tests.NegativeRegistration -->
