<?xml version="1.0" encoding="UTF-8"?>
<!-- Generated by org.testng.reporters.JUnitReportReporter -->
<testsuite skipped="0" hostname="air-jihan" name="tests.Registration" tests="5" failures="0" timestamp="2020-06-01T18:37:42 WIB" time="69.917" errors="0">
  <testcase name="RegisterFirstNameMaxLengthChar" time="15.247" classname="tests.Registration"/>
  <system-out/>
  <testcase name="RegisterLastNameMaxLengthChar" time="16.789" classname="tests.Registration"/>
  <system-out/>
  <testcase name="RegisterInvalidEmailFormat" time="16.365" classname="tests.Registration"/>
  <system-out/>
  <testcase name="RegisterPasswordLess6Characters" time="12.338" classname="tests.Registration"/>
  <system-out/>
  <testcase name="RegisterPasswordMore20Characters" time="9.178" classname="tests.Registration"/>
  <system-out/>
</testsuite> <!-- tests.Registration -->
