<?xml version="1.0" encoding="UTF-8"?>
<!-- Generated by org.testng.reporters.JUnitReportReporter -->
<testsuite skipped="0" hostname="air-jihan" name="tests.LoginPage" tests="1" failures="0" timestamp="2020-05-06T09:16:09 WIB" time="18.167" errors="0">
  <testcase name="testLogin" time="18.167" classname="tests.LoginPage"/>
  <system-out/>
</testsuite> <!-- tests.LoginPage -->
