<?xml version="1.0" encoding="UTF-8"?>
<!-- Generated by org.testng.reporters.JUnitReportReporter -->
<testsuite skipped="0" hostname="air-jihan" name="tests.NegativeLogin" tests="5" failures="0" timestamp="2020-05-06T16:04:46 WIB" time="148.828" errors="0">
  <testcase name="invalidUsername" time="31.193" classname="tests.NegativeLogin"/>
  <system-out/>
  <testcase name="invalidPassword" time="35.586" classname="tests.NegativeLogin"/>
  <system-out/>
  <testcase name="blankUsername" time="38.091" classname="tests.NegativeLogin"/>
  <system-out/>
  <testcase name="blankPassword" time="28.959" classname="tests.NegativeLogin"/>
  <system-out/>
  <testcase name="blankUsernameAndPassword" time="14.999" classname="tests.NegativeLogin"/>
  <system-out/>
</testsuite> <!-- tests.NegativeLogin -->
