<?xml version="1.0" encoding="UTF-8"?>
<!-- Generated by org.testng.reporters.JUnitReportReporter -->
<testsuite skipped="0" hostname="air-jihan" name="tests.PositiveLogin" tests="1" failures="0" timestamp="2020-05-06T16:04:46 WIB" time="27.801" errors="0">
  <testcase name="testLogin" time="27.801" classname="tests.PositiveLogin"/>
  <system-out/>
</testsuite> <!-- tests.PositiveLogin -->
