<?xml version="1.0" encoding="UTF-8"?>
<!-- Generated by org.testng.reporters.JUnitReportReporter -->
<testsuite skipped="0" hostname="air-jihan" name="tests.Logout" tests="2" failures="0" timestamp="2020-05-06T16:04:46 WIB" time="32.732" errors="0">
  <testcase name="loginPage" time="23.367" classname="tests.Logout"/>
  <system-out/>
  <testcase name="testLogout" time="9.365" classname="tests.Logout"/>
  <system-out/>
</testsuite> <!-- tests.Logout -->
