<?xml version="1.0" encoding="UTF-8"?>
<!-- Generated by org.testng.reporters.JUnitReportReporter -->
<testsuite skipped="0" hostname="air-jihan" name="tests.NegativeRegistration" tests="5" failures="0" timestamp="2020-05-06T16:04:46 WIB" time="81.488" errors="0">
  <testcase name="firstNameMaxLengthChar" time="18.087" classname="tests.NegativeRegistration"/>
  <system-out/>
  <testcase name="lastNameMaxLengthChar" time="21.051" classname="tests.NegativeRegistration"/>
  <system-out/>
  <testcase name="invalidEmailFormat" time="12.375" classname="tests.NegativeRegistration"/>
  <system-out/>
  <testcase name="passwordLess6Characters" time="10.681" classname="tests.NegativeRegistration"/>
  <system-out/>
  <testcase name="passwordMore20Characters" time="19.294" classname="tests.NegativeRegistration"/>
  <system-out/>
</testsuite> <!-- tests.NegativeRegistration -->
